{"uid":"7053d05b3a94c85d","name":"Change profile name","fullName":"tests.tests_lifecoding.feature_profile_test.TestProfileFeature#test_change_profile_name","historyId":"1b535c3a1662cbb3c3f9ddbb476d70f9","time":{"start":1714731955712,"stop":1714731969072,"duration":13360},"status":"broken","statusMessage":"selenium.common.exceptions.TimeoutException: Message: \nStacktrace:\n#0 0x63c6e0cbc4e3 <unknown>\n#1 0x63c6e09ebc76 <unknown>\n#2 0x63c6e0a27c96 <unknown>\n#3 0x63c6e0a27dc1 <unknown>\n#4 0x63c6e0a617f4 <unknown>\n#5 0x63c6e0a4703d <unknown>\n#6 0x63c6e0a5f30e <unknown>\n#7 0x63c6e0a46de3 <unknown>\n#8 0x63c6e0a1c2dd <unknown>\n#9 0x63c6e0a1d34e <unknown>\n#10 0x63c6e0c7c3e4 <unknown>\n#11 0x63c6e0c803d7 <unknown>\n#12 0x63c6e0c8ab20 <unknown>\n#13 0x63c6e0c81023 <unknown>\n#14 0x63c6e0c4f1aa <unknown>\n#15 0x63c6e0ca56b8 <unknown>\n#16 0x63c6e0ca5847 <unknown>\n#17 0x63c6e0cb5243 <unknown>\n#18 0x76b0bae94ac3 <unknown>","statusTrace":"self = <tests.tests_lifecoding.feature_profile_test.TestProfileFeature object at 0x726a0c613fa0>\n\n    @allure.title(\"Change profile name\")\n    @allure.severity(\"Critical\")\n    @pytest.mark.smoke\n    def test_change_profile_name(self):\n        self.login_page.open()\n        self.login_page.enter_login(self.data.LOGIN)\n        self.login_page.enter_password(self.data.PASSWORD)\n        self.login_page.click_submit_button()\n    \n        self.dashboard_page.is_opened()\n>       self.dashboard_page.click_my_info_link()\n\ntests/tests_lifecoding/feature_profile_test.py:21: \n_ _ _ _ _ _ _ _ _ _ _ _ _ _ _ _ _ _ _ _ _ _ _ _ _ _ _ _ _ _ _ _ _ _ _ _ _ _ _ _ _ _ _ _ _ _ _ _ _ _ _ _ _ _ _ _ _ _ _ _ _ _ _ _ _ _ _ _ _ _ _ _ _ _ _ _ _ _ _ _ _ _ _ _ _ _ _ _ _ _ _ _ _ _ _ _ _ _ _ _ _ _ _ _ _ _ _ _ _ _\nsrc/LifeCoding/pages/dashboard_page.py:18: in click_my_info_link\n    self.wait.until(EC.element_to_be_clickable(self.MY_INFO_BUTTON)).click()\n_ _ _ _ _ _ _ _ _ _ _ _ _ _ _ _ _ _ _ _ _ _ _ _ _ _ _ _ _ _ _ _ _ _ _ _ _ _ _ _ _ _ _ _ _ _ _ _ _ _ _ _ _ _ _ _ _ _ _ _ _ _ _ _ _ _ _ _ _ _ _ _ _ _ _ _ _ _ _ _ _ _ _ _ _ _ _ _ _ _ _ _ _ _ _ _ _ _ _ _ _ _ _ _ _ _ _ _ _ _\n\nself = <selenium.webdriver.support.wait.WebDriverWait (session=\"679397b2efc8905b8a73ee4206bb7e26\")>, method = <function element_to_be_clickable.<locals>._predicate at 0x726a0b98beb0>, message = ''\n\n    def until(self, method: Callable[[D], Union[Literal[False], T]], message: str = \"\") -> T:\n        \"\"\"Calls the method provided with the driver as an argument until the \\\n        return value does not evaluate to ``False``.\n    \n        :param method: callable(WebDriver)\n        :param message: optional message for :exc:`TimeoutException`\n        :returns: the result of the last call to `method`\n        :raises: :exc:`selenium.common.exceptions.TimeoutException` if timeout occurs\n        \"\"\"\n        screen = None\n        stacktrace = None\n    \n        end_time = time.monotonic() + self._timeout\n        while True:\n            try:\n                value = method(self._driver)\n                if value:\n                    return value\n            except self._ignored_exceptions as exc:\n                screen = getattr(exc, \"screen\", None)\n                stacktrace = getattr(exc, \"stacktrace\", None)\n            time.sleep(self._poll)\n            if time.monotonic() > end_time:\n                break\n>       raise TimeoutException(message, screen, stacktrace)\nE       selenium.common.exceptions.TimeoutException: Message: \nE       Stacktrace:\nE       #0 0x63c6e0cbc4e3 <unknown>\nE       #1 0x63c6e09ebc76 <unknown>\nE       #2 0x63c6e0a27c96 <unknown>\nE       #3 0x63c6e0a27dc1 <unknown>\nE       #4 0x63c6e0a617f4 <unknown>\nE       #5 0x63c6e0a4703d <unknown>\nE       #6 0x63c6e0a5f30e <unknown>\nE       #7 0x63c6e0a46de3 <unknown>\nE       #8 0x63c6e0a1c2dd <unknown>\nE       #9 0x63c6e0a1d34e <unknown>\nE       #10 0x63c6e0c7c3e4 <unknown>\nE       #11 0x63c6e0c803d7 <unknown>\nE       #12 0x63c6e0c8ab20 <unknown>\nE       #13 0x63c6e0c81023 <unknown>\nE       #14 0x63c6e0c4f1aa <unknown>\nE       #15 0x63c6e0ca56b8 <unknown>\nE       #16 0x63c6e0ca5847 <unknown>\nE       #17 0x63c6e0cb5243 <unknown>\nE       #18 0x76b0bae94ac3 <unknown>\n\n.venv/lib/python3.10/site-packages/selenium/webdriver/support/wait.py:105: TimeoutException","flaky":false,"newFailed":false,"newBroken":false,"newPassed":false,"retriesCount":0,"retriesStatusChange":false,"beforeStages":[{"name":"_session_faker","time":{"start":1714731954872,"stop":1714731954880,"duration":8},"status":"passed","steps":[],"attachments":[],"parameters":[],"stepsCount":0,"attachmentsCount":0,"shouldDisplayMessage":false,"hasContent":false},{"name":"getting_env","time":{"start":1714731955152,"stop":1714731955152,"duration":0},"status":"passed","steps":[],"attachments":[],"parameters":[],"stepsCount":0,"attachmentsCount":0,"shouldDisplayMessage":false,"hasContent":false},{"name":"driver","time":{"start":1714731955152,"stop":1714731955711,"duration":559},"status":"passed","steps":[],"attachments":[],"parameters":[],"stepsCount":0,"attachmentsCount":0,"shouldDisplayMessage":false,"hasContent":false},{"name":"setup","time":{"start":1714731955711,"stop":1714731955711,"duration":0},"status":"passed","steps":[],"attachments":[],"parameters":[],"stepsCount":0,"attachmentsCount":0,"shouldDisplayMessage":false,"hasContent":false}],"testStage":{"status":"broken","statusMessage":"selenium.common.exceptions.TimeoutException: Message: \nStacktrace:\n#0 0x63c6e0cbc4e3 <unknown>\n#1 0x63c6e09ebc76 <unknown>\n#2 0x63c6e0a27c96 <unknown>\n#3 0x63c6e0a27dc1 <unknown>\n#4 0x63c6e0a617f4 <unknown>\n#5 0x63c6e0a4703d <unknown>\n#6 0x63c6e0a5f30e <unknown>\n#7 0x63c6e0a46de3 <unknown>\n#8 0x63c6e0a1c2dd <unknown>\n#9 0x63c6e0a1d34e <unknown>\n#10 0x63c6e0c7c3e4 <unknown>\n#11 0x63c6e0c803d7 <unknown>\n#12 0x63c6e0c8ab20 <unknown>\n#13 0x63c6e0c81023 <unknown>\n#14 0x63c6e0c4f1aa <unknown>\n#15 0x63c6e0ca56b8 <unknown>\n#16 0x63c6e0ca5847 <unknown>\n#17 0x63c6e0cb5243 <unknown>\n#18 0x76b0bae94ac3 <unknown>","statusTrace":"self = <tests.tests_lifecoding.feature_profile_test.TestProfileFeature object at 0x726a0c613fa0>\n\n    @allure.title(\"Change profile name\")\n    @allure.severity(\"Critical\")\n    @pytest.mark.smoke\n    def test_change_profile_name(self):\n        self.login_page.open()\n        self.login_page.enter_login(self.data.LOGIN)\n        self.login_page.enter_password(self.data.PASSWORD)\n        self.login_page.click_submit_button()\n    \n        self.dashboard_page.is_opened()\n>       self.dashboard_page.click_my_info_link()\n\ntests/tests_lifecoding/feature_profile_test.py:21: \n_ _ _ _ _ _ _ _ _ _ _ _ _ _ _ _ _ _ _ _ _ _ _ _ _ _ _ _ _ _ _ _ _ _ _ _ _ _ _ _ _ _ _ _ _ _ _ _ _ _ _ _ _ _ _ _ _ _ _ _ _ _ _ _ _ _ _ _ _ _ _ _ _ _ _ _ _ _ _ _ _ _ _ _ _ _ _ _ _ _ _ _ _ _ _ _ _ _ _ _ _ _ _ _ _ _ _ _ _ _\nsrc/LifeCoding/pages/dashboard_page.py:18: in click_my_info_link\n    self.wait.until(EC.element_to_be_clickable(self.MY_INFO_BUTTON)).click()\n_ _ _ _ _ _ _ _ _ _ _ _ _ _ _ _ _ _ _ _ _ _ _ _ _ _ _ _ _ _ _ _ _ _ _ _ _ _ _ _ _ _ _ _ _ _ _ _ _ _ _ _ _ _ _ _ _ _ _ _ _ _ _ _ _ _ _ _ _ _ _ _ _ _ _ _ _ _ _ _ _ _ _ _ _ _ _ _ _ _ _ _ _ _ _ _ _ _ _ _ _ _ _ _ _ _ _ _ _ _\n\nself = <selenium.webdriver.support.wait.WebDriverWait (session=\"679397b2efc8905b8a73ee4206bb7e26\")>, method = <function element_to_be_clickable.<locals>._predicate at 0x726a0b98beb0>, message = ''\n\n    def until(self, method: Callable[[D], Union[Literal[False], T]], message: str = \"\") -> T:\n        \"\"\"Calls the method provided with the driver as an argument until the \\\n        return value does not evaluate to ``False``.\n    \n        :param method: callable(WebDriver)\n        :param message: optional message for :exc:`TimeoutException`\n        :returns: the result of the last call to `method`\n        :raises: :exc:`selenium.common.exceptions.TimeoutException` if timeout occurs\n        \"\"\"\n        screen = None\n        stacktrace = None\n    \n        end_time = time.monotonic() + self._timeout\n        while True:\n            try:\n                value = method(self._driver)\n                if value:\n                    return value\n            except self._ignored_exceptions as exc:\n                screen = getattr(exc, \"screen\", None)\n                stacktrace = getattr(exc, \"stacktrace\", None)\n            time.sleep(self._poll)\n            if time.monotonic() > end_time:\n                break\n>       raise TimeoutException(message, screen, stacktrace)\nE       selenium.common.exceptions.TimeoutException: Message: \nE       Stacktrace:\nE       #0 0x63c6e0cbc4e3 <unknown>\nE       #1 0x63c6e09ebc76 <unknown>\nE       #2 0x63c6e0a27c96 <unknown>\nE       #3 0x63c6e0a27dc1 <unknown>\nE       #4 0x63c6e0a617f4 <unknown>\nE       #5 0x63c6e0a4703d <unknown>\nE       #6 0x63c6e0a5f30e <unknown>\nE       #7 0x63c6e0a46de3 <unknown>\nE       #8 0x63c6e0a1c2dd <unknown>\nE       #9 0x63c6e0a1d34e <unknown>\nE       #10 0x63c6e0c7c3e4 <unknown>\nE       #11 0x63c6e0c803d7 <unknown>\nE       #12 0x63c6e0c8ab20 <unknown>\nE       #13 0x63c6e0c81023 <unknown>\nE       #14 0x63c6e0c4f1aa <unknown>\nE       #15 0x63c6e0ca56b8 <unknown>\nE       #16 0x63c6e0ca5847 <unknown>\nE       #17 0x63c6e0cb5243 <unknown>\nE       #18 0x76b0bae94ac3 <unknown>\n\n.venv/lib/python3.10/site-packages/selenium/webdriver/support/wait.py:105: TimeoutException","steps":[{"name":"Open https://opensource-demo.orangehrmlive.com/web/index.php/auth/login page","time":{"start":1714731955712,"stop":1714731956859,"duration":1147},"status":"passed","steps":[],"attachments":[],"parameters":[],"stepsCount":0,"attachmentsCount":0,"shouldDisplayMessage":false,"hasContent":false},{"name":"Enter login","time":{"start":1714731956859,"stop":1714731957916,"duration":1057},"status":"passed","steps":[],"attachments":[],"parameters":[{"name":"login","value":"'Admin'"}],"stepsCount":0,"attachmentsCount":0,"shouldDisplayMessage":false,"hasContent":true},{"name":"Enter password","time":{"start":1714731957916,"stop":1714731957959,"duration":43},"status":"passed","steps":[],"attachments":[],"parameters":[{"name":"password","value":"'admin123'"}],"stepsCount":0,"attachmentsCount":0,"shouldDisplayMessage":false,"hasContent":true},{"name":"Click submit button","time":{"start":1714731957959,"stop":1714731957989,"duration":30},"status":"passed","steps":[],"attachments":[],"parameters":[],"stepsCount":0,"attachmentsCount":0,"shouldDisplayMessage":false,"hasContent":false},{"name":"Page https://opensource-demo.orangehrmlive.com/web/index.php/dashboard/index is opened","time":{"start":1714731957989,"stop":1714731958956,"duration":967},"status":"passed","steps":[],"attachments":[],"parameters":[],"stepsCount":0,"attachmentsCount":0,"shouldDisplayMessage":false,"hasContent":false},{"name":"Click on 'My Info' link","time":{"start":1714731958956,"stop":1714731969069,"duration":10113},"status":"broken","statusMessage":"selenium.common.exceptions.TimeoutException: Message: \nStacktrace:\n#0 0x63c6e0cbc4e3 <unknown>\n#1 0x63c6e09ebc76 <unknown>\n#2 0x63c6e0a27c96 <unknown>\n#3 0x63c6e0a27dc1 <unknown>\n#4 0x63c6e0a617f4 <unknown>\n#5 0x63c6e0a4703d <unknown>\n#6 0x63c6e0a5f30e <unknown>\n#7 0x63c6e0a46de3 <unknown>\n#8 0x63c6e0a1c2dd <unknown>\n#9 0x63c6e0a1d34e <unknown>\n#10 0x63c6e0c7c3e4 <unknown>\n#11 0x63c6e0c803d7 <unknown>\n#12 0x63c6e0c8ab20 <unknown>\n#13 0x63c6e0c81023 <unknown>\n#14 0x63c6e0c4f1aa <unknown>\n#15 0x63c6e0ca56b8 <unknown>\n#16 0x63c6e0ca5847 <unknown>\n#17 0x63c6e0cb5243 <unknown>\n#18 0x76b0bae94ac3 <unknown>\n\n","statusTrace":"  File \"/home/oleg/PycharmProjects/pytest_2023/.venv/lib/python3.10/site-packages/allure_commons/_allure.py\", line 192, in impl\n    return func(*a, **kw)\n  File \"/home/oleg/PycharmProjects/pytest_2023/src/LifeCoding/pages/dashboard_page.py\", line 18, in click_my_info_link\n    self.wait.until(EC.element_to_be_clickable(self.MY_INFO_BUTTON)).click()\n  File \"/home/oleg/PycharmProjects/pytest_2023/.venv/lib/python3.10/site-packages/selenium/webdriver/support/wait.py\", line 105, in until\n    raise TimeoutException(message, screen, stacktrace)\n","steps":[],"attachments":[],"parameters":[],"stepsCount":0,"attachmentsCount":0,"shouldDisplayMessage":true,"hasContent":true}],"attachments":[],"parameters":[],"stepsCount":6,"attachmentsCount":0,"shouldDisplayMessage":true,"hasContent":true},"afterStages":[{"name":"driver::0","time":{"start":1714731969091,"stop":1714731969146,"duration":55},"status":"passed","steps":[],"attachments":[],"parameters":[],"stepsCount":0,"attachmentsCount":0,"shouldDisplayMessage":false,"hasContent":false},{"name":"getting_env::0","time":{"start":1714731969147,"stop":1714731969147,"duration":0},"status":"passed","steps":[],"attachments":[],"parameters":[],"stepsCount":0,"attachmentsCount":0,"shouldDisplayMessage":false,"hasContent":false}],"labels":[{"name":"feature","value":"Profile Functionality"},{"name":"severity","value":"Critical"},{"name":"tag","value":"smoke"},{"name":"parentSuite","value":"tests.tests_lifecoding"},{"name":"suite","value":"feature_profile_test"},{"name":"subSuite","value":"TestProfileFeature"},{"name":"host","value":"acernb001"},{"name":"thread","value":"26963-MainThread"},{"name":"framework","value":"pytest"},{"name":"language","value":"cpython3"},{"name":"package","value":"tests.tests_lifecoding.feature_profile_test"},{"name":"resultFormat","value":"allure2"}],"parameters":[],"links":[],"hidden":true,"retry":true,"extra":{"categories":[],"tags":["smoke"]},"source":"7053d05b3a94c85d.json","parameterValues":[]}